<?xml version="1.0" encoding="UTF-8"?>
<testng-results ignored="0" total="1" passed="1" failed="0" skipped="0">
  <reporter-output>
  </reporter-output>
  <suite started-at="2022-03-21T00:05:50 BDT" name="Default suite" finished-at="2022-03-21T00:06:00 BDT" duration-ms="9500">
    <groups>
    </groups>
    <test started-at="2022-03-21T00:05:50 BDT" name="Default test" finished-at="2022-03-21T00:06:00 BDT" duration-ms="9500">
      <class name="com.store.testcases.LoginTest">
        <test-method is-config="true" signature="setupSuite()[pri:0, instance:com.store.testcases.LoginTest@13e344d]" started-at="2022-03-21T00:05:48 BDT" name="setupSuite" finished-at="2022-03-21T00:05:50 BDT" duration-ms="2140" status="PASS">
          <reporter-output>
          </reporter-output>
        </test-method> <!-- setupSuite -->
        <test-method is-config="true" signature="setUP()[pri:0, instance:com.store.testcases.LoginTest@13e344d]" started-at="2022-03-21T00:05:50 BDT" name="setUP" finished-at="2022-03-21T00:05:56 BDT" duration-ms="5535" status="PASS">
          <reporter-output>
          </reporter-output>
        </test-method> <!-- setUP -->
        <test-method signature="testLogin()[pri:0, instance:com.store.testcases.LoginTest@13e344d]" started-at="2022-03-21T00:05:56 BDT" name="testLogin" finished-at="2022-03-21T00:05:59 BDT" duration-ms="3197" status="PASS">
          <reporter-output>
          </reporter-output>
        </test-method> <!-- testLogin -->
        <test-method is-config="true" signature="tearDownMethod(org.testng.ITestResult)[pri:0, instance:com.store.testcases.LoginTest@13e344d]" started-at="2022-03-21T00:05:59 BDT" name="tearDownMethod" finished-at="2022-03-21T00:06:00 BDT" duration-ms="299" status="PASS">
          <params>
            <param index="0">
              <value>
                <![CDATA[[TestResult name=testLogin status=SUCCESS method=LoginTest.testLogin()[pri:0, instance:com.store.testcases.LoginTest@13e344d] output={null}]]]>
              </value>
            </param>
          </params>
          <reporter-output>
          </reporter-output>
        </test-method> <!-- tearDownMethod -->
        <test-method is-config="true" signature="tearDown()[pri:0, instance:com.store.testcases.LoginTest@13e344d]" started-at="2022-03-21T00:06:00 BDT" name="tearDown" finished-at="2022-03-21T00:06:00 BDT" duration-ms="418" status="PASS">
          <reporter-output>
          </reporter-output>
        </test-method> <!-- tearDown -->
      </class> <!-- com.store.testcases.LoginTest -->
    </test> <!-- Default test -->
  </suite> <!-- Default suite -->
</testng-results>
